<?xml version="1.0" encoding="UTF-8"?>
<testng-results ignored="0" total="1" passed="1" failed="0" skipped="0">
  <reporter-output>
  </reporter-output>
  <suite started-at="2022-09-22T14:30:17 MESZ" name="Default suite" finished-at="2022-09-22T14:30:33 MESZ" duration-ms="16108">
    <groups>
    </groups>
    <test started-at="2022-09-22T14:30:17 MESZ" name="Default test" finished-at="2022-09-22T14:30:33 MESZ" duration-ms="16108">
      <class name="jsExecutor.Test1">
        <test-method signature="tc1()[pri:0, instance:jsExecutor.Test1@470f1802]" started-at="2022-09-22T14:30:17 MESZ" name="tc1" finished-at="2022-09-22T14:30:33 MESZ" duration-ms="16062" status="PASS">
          <reporter-output>
          </reporter-output>
        </test-method> <!-- tc1 -->
      </class> <!-- jsExecutor.Test1 -->
    </test> <!-- Default test -->
  </suite> <!-- Default suite -->
</testng-results>
